2021-07-06 02:34:47,310 INFO t.Test_BaseTest [main] _____________________NEW SUITE_____________________
2021-07-06 02:35:02,762 INFO t.TestsType_BookSeat [main] Start test - bookSeat_loggedInRedBusAccount
2021-07-06 02:38:58,634 INFO t.Test_BaseTest [main] _____________________NEW SUITE_____________________
2021-07-06 02:39:09,744 INFO t.TestsType_BookSeat [main] Start test - bookSeat_loggedInRedBusAccount
2021-07-06 02:39:59,935 INFO t.TestsType_BookSeat [main] login is successful
2021-07-06 02:40:26,194 INFO t.TestsType_BookSeat [main] src,dest,date fields are filled and search clicked
2021-07-06 02:40:44,796 INFO t.TestsType_BookSeat [main] view seats result displayed
2021-07-06 02:40:44,796 INFO t.TestsType_BookSeat [main] view seats info displayed
2021-07-06 02:40:45,190 INFO t.TestsType_BookSeat [main] seat is selected
2021-07-06 02:40:48,517 INFO t.TestsType_BookSeat [main] trip time 1st option choosed
2021-07-06 02:40:55,436 INFO t.TestsType_BookSeat [main] continue and proceeded with info validation of trip by time and source
2021-07-06 02:40:58,607 INFO t.TestsType_BookSeat [main] navigated to passenger details page
2021-07-06 02:40:58,607 INFO t.TestsType_BookSeat [main] test end____________________________________________________
2021-07-06 02:41:06,062 INFO t.TestsType_Login [main] Start test - testCase_loginWithFacebookTest
2021-07-06 02:41:14,330 INFO t.TestsType_Login [main] facebook browser login
2021-07-06 02:41:21,822 INFO t.TestsType_Login [main] navigate to site home page
2021-07-06 02:41:23,233 INFO t.TestsType_Login [main] navigate to sign in page
2021-07-06 02:41:32,752 INFO t.TestsType_Login [main] sign in with facebook choosed
2021-07-06 02:41:54,142 INFO t.TestsType_Login [main] sign out appers
2021-07-06 02:41:54,142 INFO t.TestsType_Login [main] test ends____________________________________________________
2021-07-06 02:42:04,479 INFO t.TestsType_Login [main] Start test - testCase_loginWithGoogleTest
2021-07-06 02:42:22,789 INFO t.TestsType_Login [main] google browser login
2021-07-06 02:42:26,038 INFO t.TestsType_Login [main] navigate to site home page
2021-07-06 02:42:35,659 INFO t.TestsType_Login [main] navigate to sign in page
2021-07-06 02:42:39,089 INFO t.TestsType_Login [main] sign in with google choosed
2021-07-06 02:43:09,734 INFO t.TestsType_Login [main] sign out appers
2021-07-06 02:43:09,734 INFO t.TestsType_Login [main] test ends____________________________________________________
2021-07-06 02:43:17,886 INFO t.TestsType_Login [main] Start test - testCase_loginWithPhnNoInValidTest
2021-07-06 02:43:21,024 INFO t.TestsType_Login [main] navigate to site home page
2021-07-06 02:43:27,883 INFO t.TestsType_Login [main] navigate to sign in page
2021-07-06 02:43:34,262 INFO t.TestsType_Login [main] invalid phn no filled and error msg appears
2021-07-06 02:43:34,264 INFO t.TestsType_Login [main] test ends____________________________________________________
2021-07-06 02:43:42,090 INFO t.TestsType_Login [main] Start test - testCase_loginWithPhnNoValidTest
2021-07-06 02:43:45,126 INFO t.TestsType_Login [main] navigate to site home page
2021-07-06 02:43:52,119 INFO t.TestsType_Login [main] navigate to sign in page
2021-07-06 02:43:58,543 INFO t.TestsType_Login [main] phn no filled no error msg appears
2021-07-06 02:43:58,648 INFO t.TestsType_Login [main] captcha box appears
2021-07-06 02:43:58,648 INFO t.TestsType_Login [main] test ends____________________________________________________
2021-07-06 02:44:08,668 INFO t.TestsType_SearchCityNameAndDateTest [main] Start - testCase_SearchCityNameAndDateTest_searchtest
2021-07-06 02:44:08,914 INFO t.TestsType_SearchCityNameAndDateTest [main] navigate to home page
2021-07-06 02:44:31,675 INFO t.TestsType_SearchCityNameAndDateTest [main] filled details src,dest,date areDelhi Gurgaon 31-8-2021
2021-07-06 02:44:32,569 INFO t.TestsType_SearchCityNameAndDateTest [main] SearchCityNameAndDateTest_searchtest_Delhi Gurgaon 31-8-2021 test ends
2021-07-06 02:44:32,694 INFO t.TestsType_SearchCityNameAndDateTest [main] navigate to home page
2021-07-06 02:44:59,175 INFO t.TestsType_SearchCityNameAndDateTest [main] filled details src,dest,date areAmritsar Chandigarh 29-10-2021
2021-07-06 02:44:59,920 INFO t.TestsType_SearchCityNameAndDateTest [main] SearchCityNameAndDateTest_searchtest_Amritsar Chandigarh 29-10-2021 test ends
2021-07-06 02:45:00,268 INFO t.TestsType_SearchCityNameAndDateTest [main] navigate to home page
2021-07-06 02:45:25,985 INFO t.TestsType_SearchCityNameAndDateTest [main] filled details src,dest,date areLucknow Kanpur 13-12-2021
2021-07-06 02:45:26,648 INFO t.TestsType_SearchCityNameAndDateTest [main] SearchCityNameAndDateTest_searchtest_Lucknow Kanpur 13-12-2021 test ends
2021-07-06 02:45:27,091 INFO t.TestsType_SearchCityNameAndDateTest [main] test ends__________________________
2021-07-06 02:45:35,127 INFO t.TestsType_CancelTicket [main] Start test - testCase_cancelTicket_invalidtin_invalidemail
2021-07-06 02:45:48,763 INFO t.TestsType_CancelTicket [main] navigated to cancel ticket page and details filled and submit clicked
2021-07-06 02:45:48,851 INFO t.TestsType_CancelTicket [main] warning validated
2021-07-06 02:45:48,851 INFO t.TestsType_CancelTicket [main] end test____________________________________________________
2021-07-06 02:45:57,701 INFO t.TestsType_CancelTicket [main] Start test - testCase_cancelTicket_invalidtin_validemail
2021-07-06 02:46:11,791 INFO t.TestsType_CancelTicket [main] navigated to cancel ticket page and details filled and submit clicked
2021-07-06 02:46:11,867 INFO t.TestsType_CancelTicket [main] warning validated
2021-07-06 02:46:11,869 INFO t.TestsType_CancelTicket [main] end test____________________________________________________
2021-07-06 02:46:21,582 INFO t.TestsType_CancelTicket [main] Start test - testCase_cancelTicket_validtin_invalidemail
2021-07-06 02:46:35,454 INFO t.TestsType_CancelTicket [main] navigated to cancel ticket page and details filled and submit clicked
2021-07-06 02:46:35,554 INFO t.TestsType_CancelTicket [main] warning validated
2021-07-06 02:46:35,554 INFO t.TestsType_CancelTicket [main] test end____________________________________________________
2021-07-06 02:46:43,140 INFO t.TestsType_CancelTicket [main] Start test - testCase_cancelTicket_validtin_validemail
2021-07-06 02:46:43,354 INFO t.TestsType_CancelTicket [main] navigated to home page
2021-07-06 02:46:50,459 INFO t.TestsType_CancelTicket [main] navigated to cancel ticket page
2021-07-06 02:46:54,420 INFO t.TestsType_CancelTicket [main] details filled submit clicked
2021-07-06 02:46:54,424 INFO t.TestsType_CancelTicket [main] end test____________________________________________________
2021-07-06 02:47:10,085 INFO t.TestsType_ChangeTravelDate [main] Start test - testCase_ChangeTravelDate_invalidtin_invalidemail
2021-07-06 02:47:24,180 INFO t.TestsType_ChangeTravelDate [main] navigated to changeTravelDate page and details filled and submit clicked
2021-07-06 02:47:24,278 INFO t.TestsType_ChangeTravelDate [main] warning validated
2021-07-06 02:47:24,336 INFO t.TestsType_ChangeTravelDate [main] end test____________________________________________________
2021-07-06 02:47:34,024 INFO t.TestsType_ChangeTravelDate [main] Start test - testCase_ChangeTravelDate_invalidtin_validemail
2021-07-06 02:47:47,705 INFO t.TestsType_ChangeTravelDate [main] navigated to changeTravelDate page and details filled and submit clicked
2021-07-06 02:47:47,787 INFO t.TestsType_ChangeTravelDate [main] warning validated
2021-07-06 02:47:47,844 INFO t.TestsType_ChangeTravelDate [main] end test____________________________________________________
2021-07-06 02:47:59,822 INFO t.TestsType_ChangeTravelDate [main] Start test - testCase_ChangeTravelDate_validtin_invalidemail
2021-07-06 02:48:13,498 INFO t.TestsType_ChangeTravelDate [main] navigated to changeTravelDate page and details filled and submit clicked
2021-07-06 02:48:13,576 INFO t.TestsType_ChangeTravelDate [main] warning validated
2021-07-06 02:48:13,629 INFO t.TestsType_ChangeTravelDate [main] end test__________________________
2021-07-06 02:48:23,381 INFO t.TestsType_ChangeTravelDate [main] Start test - testCase_ChangeTravelDate_validtin_validemail
2021-07-06 02:48:23,544 INFO t.TestsType_ChangeTravelDate [main] navigated to home page
2021-07-06 02:48:30,406 INFO t.TestsType_ChangeTravelDate [main] navigated to ChangeTravelDate page
2021-07-06 02:48:34,131 INFO t.TestsType_ChangeTravelDate [main] details filled submit clicked
2021-07-06 02:48:34,174 INFO t.TestsType_ChangeTravelDate [main] end test____________________________________________________
2021-07-06 02:48:42,943 INFO t.TestsType_ShowMyTicket [main] Start test - testCase_showMyTicket_invalidtin_invalidemail
2021-07-06 02:48:53,996 INFO t.TestsType_ShowMyTicket [main] navigated to showMyTicket page and details filled and submit clicked
2021-07-06 02:48:54,435 INFO t.TestsType_ShowMyTicket [main] warning validated
2021-07-06 02:48:54,489 INFO t.TestsType_ShowMyTicket [main] end test____________________________________________________
2021-07-06 02:49:02,869 INFO t.TestsType_ShowMyTicket [main] Start test - testCase_showMyTicket_invalidtin_validemail
2021-07-06 02:49:14,336 INFO t.TestsType_ShowMyTicket [main] navigated to showMyTicket page and details filled and submit clicked
2021-07-06 02:49:14,606 INFO t.TestsType_ShowMyTicket [main] warning validated
2021-07-06 02:49:14,664 INFO t.TestsType_ShowMyTicket [main] end test____________________________________________________
2021-07-06 02:49:25,381 INFO t.TestsType_ShowMyTicket [main] Start test - testCase_showMyTicket_validtin_invalidemail
2021-07-06 02:49:36,935 INFO t.TestsType_ShowMyTicket [main] navigated to showMyTicket page and details filled and submit clicked
2021-07-06 02:49:37,352 INFO t.TestsType_ShowMyTicket [main] warning validated
2021-07-06 02:49:37,400 INFO t.TestsType_ShowMyTicket [main] end test____________________________________________________
2021-07-06 02:50:13,562 INFO t.TestsType_ShowMyTicket [main] Start test - testCase_showMyTicket_validtin_validemail
2021-07-06 02:50:13,685 INFO t.TestsType_ShowMyTicket [main] navigated to home page
2021-07-06 02:50:20,537 INFO t.TestsType_ShowMyTicket [main] navigated to show my ticket page
2021-07-06 02:50:24,802 INFO t.TestsType_ShowMyTicket [main] details filled and submit clicked
2021-07-06 02:50:24,871 INFO t.TestsType_ShowMyTicket [main] end test____________________________________________________
2021-07-06 02:50:33,167 INFO t.TestsType_EmailSmsTicket [main] Start test - testCase_emailSmsTicket_invalidtin_invalidemail
2021-07-06 02:50:44,586 INFO t.TestsType_EmailSmsTicket [main] navigated to emailSmsTicket page and details filled and submit clicked
2021-07-06 02:50:44,737 INFO t.TestsType_EmailSmsTicket [main] warning validated
2021-07-06 02:50:44,772 INFO t.TestsType_EmailSmsTicket [main] end test____________________________________________________
2021-07-06 02:50:52,885 INFO t.TestsType_EmailSmsTicket [main] Start test - testCase_emailSmsTicket_invalidtin_validemail
2021-07-06 02:51:04,315 INFO t.TestsType_EmailSmsTicket [main] navigated to emailSmsTicket page and details filled and submit clicked
2021-07-06 02:51:04,541 INFO t.TestsType_EmailSmsTicket [main] warning validated
2021-07-06 02:51:04,595 INFO t.TestsType_EmailSmsTicket [main] end test____________________________________________________
2021-07-06 02:51:11,526 INFO t.TestsType_EmailSmsTicket [main] Start test - testCase_emailSmsTicket_validtin_invalidemail
2021-07-06 02:51:22,945 INFO t.TestsType_EmailSmsTicket [main] navigated to emailSmsTicket page and details filled and submit clicked
2021-07-06 02:51:23,314 INFO t.TestsType_EmailSmsTicket [main] warning validated
2021-07-06 02:51:23,367 INFO t.TestsType_EmailSmsTicket [main] end test____________________________________________________
2021-07-06 02:51:34,353 INFO t.TestsType_EmailSmsTicket [main] Start test - testCase_emailSmsTicket_validtin_validemail
2021-07-06 02:51:37,675 INFO t.TestsType_EmailSmsTicket [main] navigated to home page
2021-07-06 02:51:41,495 INFO t.TestsType_EmailSmsTicket [main] navigated to EmailSmsTicket page
2021-07-06 02:51:46,104 INFO t.TestsType_EmailSmsTicket [main] details filled submit clicked
2021-07-06 02:51:46,161 INFO t.TestsType_EmailSmsTicket [main] end test____________________________________________________
2021-07-06 02:51:58,682 INFO t.TestsType_Help [main] Start test - testCase_helpTypeNavigationTest
2021-07-06 02:52:50,090 INFO t.TestsType_Help [main] browser login and then site login
2021-07-06 02:52:53,107 INFO t.TestsType_Help [main] navigated to home page
2021-07-06 02:52:55,925 INFO t.TestsType_Help [main] navigated to help page
2021-07-06 02:53:01,452 INFO t.TestsType_Help [main] popups handled
2021-07-06 02:53:02,795 INFO t.TestsType_Help [main] navigated to newBusBookingHelp
2021-07-06 02:53:12,349 INFO t.TestsType_Help [main] navigated to covid19traveladvisory
2021-07-06 02:53:18,862 INFO t.TestsType_Help [main] navigated to safetyPlusFeatureHelp
2021-07-06 02:53:25,419 INFO t.TestsType_Help [main] navigated to technicalIssuesHelp
2021-07-06 02:53:31,936 INFO t.TestsType_Help [main] navigated to redbusReferralHelp
2021-07-06 02:53:38,407 INFO t.TestsType_Help [main] navigated to offersHelp
2021-07-06 02:53:44,863 INFO t.TestsType_Help [main] navigated to redBusWalletHelp
2021-07-06 02:53:51,373 INFO t.TestsType_Help [main] navigated to rpoolHelp
2021-07-06 02:53:51,373 INFO t.TestsType_Help [main] test end____________________________________________________
2021-07-06 02:54:09,265 INFO t.TestsType_Help [main] Start test - testCase_help_viewAllChatsNavigationTest
2021-07-06 02:54:59,480 INFO t.TestsType_Help [main] browser login and then site login
2021-07-06 02:54:59,490 INFO t.TestsType_Help [main] navigated to home page
2021-07-06 02:55:02,892 INFO t.TestsType_Help [main] navigated to help page
2021-07-06 02:55:06,148 INFO t.TestsType_Help [main] popups handled
2021-07-06 02:55:07,829 INFO t.TestsType_Help [main] popups handled
2021-07-06 02:55:09,052 INFO t.TestsType_Help [main] navigated to chats page
2021-07-06 02:55:15,591 INFO t.TestsType_Help [main] view last chat
2021-07-06 02:55:21,897 INFO t.TestsType_Help [main] view previous chat
2021-07-06 02:55:21,897 INFO t.TestsType_Help [main] test end____________________________________________________
2021-07-06 02:55:29,183 INFO t.TestsType_BusHire [main] Start test - testCase_busHireOptionsNavigationTest
2021-07-06 02:55:32,208 INFO t.TestsType_BusHire [main] navigate to home page
2021-07-06 02:55:37,602 INFO t.TestsType_BusHire [main] navigate to bus hire page
2021-07-06 02:55:44,364 INFO t.TestsType_BusHire [main] navigate to outstation page
2021-07-06 02:55:51,069 INFO t.TestsType_BusHire [main] navigate to local page
2021-07-06 02:56:00,845 INFO t.TestsType_BusHire [main] navigate to airport page
2021-07-06 02:56:03,859 INFO t.TestsType_BusHire [main] test ends____________________________________________________
2021-07-06 02:56:12,877 INFO t.TestsType_BusHire [main] Start test - testCase_employeeTransportTest_Invalid_BlankFields
2021-07-06 02:56:15,920 INFO t.TestsType_BusHire [main] navigate to home page
2021-07-06 02:56:21,200 INFO t.TestsType_BusHire [main] navigate to bus hire page
2021-07-06 02:56:30,783 INFO t.TestsType_BusHire [main] navigate to rcommute page
2021-07-06 02:56:34,222 INFO t.TestsType_BusHire [main] submit clicked without filling fields
2021-07-06 02:56:40,659 INFO t.TestsType_BusHire [main] error appears
2021-07-06 02:56:40,659 INFO t.TestsType_BusHire [main] test ends____________________________________________________
2021-07-06 02:56:48,479 INFO t.TestsType_BusHire [main] Start test - testCase_employeeTransportTest_invalidEmailAndPhn
2021-07-06 02:56:51,517 INFO t.TestsType_BusHire [main] navigate to home page
2021-07-06 02:56:57,341 INFO t.TestsType_BusHire [main] navigate to bus hire page
2021-07-06 02:57:06,819 INFO t.TestsType_BusHire [main] navigate to rcommute page
2021-07-06 02:57:10,903 INFO t.TestsType_BusHire [main] fields filled with invalid credential format
2021-07-06 02:57:11,072 INFO t.TestsType_BusHire [main] submit clicked
2021-07-06 02:57:17,254 INFO t.TestsType_BusHire [main] error appears
2021-07-06 02:57:17,254 INFO t.TestsType_BusHire [main] test ends____________________________________________________
2021-07-06 03:11:39,864 INFO t.Test_BaseTest [main] _____________________NEW SUITE_____________________
2021-07-06 03:11:41,342 INFO t.TestsType_BookSeat [main] Start test - bookSeat_loggedInRedBusAccount
2021-07-06 03:13:09,193 INFO t.Test_BaseTest [main] _____________________NEW SUITE_____________________
2021-07-06 03:13:10,277 INFO t.TestsType_BookSeat [main] Start test - bookSeat_loggedInRedBusAccount
2021-07-06 03:14:20,153 INFO t.Test_BaseTest [main] _____________________NEW SUITE_____________________
2021-07-06 03:14:21,578 INFO t.TestsType_BookSeat [main] Start test - bookSeat_loggedInRedBusAccount
2021-07-06 03:15:23,216 INFO t.TestsType_BookSeat [main] login is successful
2021-07-06 03:15:49,631 INFO t.TestsType_BookSeat [main] src,dest,date fields are filled and search clicked
2021-07-06 03:16:08,192 INFO t.TestsType_BookSeat [main] view seats result displayed
2021-07-06 03:16:08,192 INFO t.TestsType_BookSeat [main] view seats info displayed
2021-07-06 03:16:08,592 INFO t.TestsType_BookSeat [main] seat is selected
2021-07-06 03:16:11,938 INFO t.TestsType_BookSeat [main] trip time 1st option choosed
2021-07-06 03:16:18,590 INFO t.TestsType_BookSeat [main] continue and proceeded with info validation of trip by time and source
2021-07-06 03:16:21,729 INFO t.TestsType_BookSeat [main] navigated to passenger details page
2021-07-06 03:16:22,677 INFO t.TestsType_BookSeat [main] test end____________________________________________________
2021-07-06 03:56:24,009 INFO t.Test_BaseTest [main] _____________________NEW SUITE_____________________
2021-07-06 03:56:24,993 INFO t.TestsType_BookSeat [main] Start test - bookSeat_loggedInRedBusAccount
2021-07-06 03:57:25,859 INFO t.TestsType_BookSeat [main] login is successful
2021-07-06 03:57:52,214 INFO t.TestsType_BookSeat [main] src,dest,date fields are filled and search clicked
2021-07-06 03:58:10,909 INFO t.TestsType_BookSeat [main] view seats result displayed
2021-07-06 03:58:10,909 INFO t.TestsType_BookSeat [main] view seats info displayed
2021-07-06 03:58:11,307 INFO t.TestsType_BookSeat [main] seat is selected
2021-07-06 03:58:14,605 INFO t.TestsType_BookSeat [main] trip time 1st option choosed
2021-07-06 03:58:21,431 INFO t.TestsType_BookSeat [main] continue and proceeded with info validation of trip by time and source
2021-07-06 03:58:24,611 INFO t.TestsType_BookSeat [main] navigated to passenger details page
2021-07-06 03:58:25,651 INFO t.TestsType_BookSeat [main] test end____________________________________________________
2021-07-06 03:58:25,676 INFO t.TestsType_Login [main] Start test - testCase_loginWithFacebookTest
2021-07-06 03:58:43,946 INFO t.TestsType_Login [main] facebook browser login
2021-07-06 03:58:51,352 INFO t.TestsType_Login [main] navigate to site home page
2021-07-06 03:58:53,102 INFO t.TestsType_Login [main] navigate to sign in page
2021-07-06 03:59:02,592 INFO t.TestsType_Login [main] sign in with facebook choosed
2021-07-06 03:59:23,984 INFO t.TestsType_Login [main] sign out appers
2021-07-06 03:59:24,998 INFO t.TestsType_Login [main] test ends____________________________________________________
2021-07-06 03:59:25,001 INFO t.TestsType_Login [main] Start test - testCase_loginWithGoogleTest
2021-07-06 03:59:55,120 INFO t.TestsType_Login [main] google browser login
2021-07-06 04:00:00,937 INFO t.TestsType_Login [main] navigate to site home page
2021-07-06 04:00:10,584 INFO t.TestsType_Login [main] navigate to sign in page
2021-07-06 04:00:14,006 INFO t.TestsType_Login [main] sign in with google choosed
2021-07-06 04:00:44,585 INFO t.TestsType_Login [main] sign out appers
2021-07-06 04:00:45,701 INFO t.TestsType_Login [main] test ends____________________________________________________
2021-07-06 04:00:45,705 INFO t.TestsType_Login [main] Start test - testCase_loginWithPhnNoInValidTest
2021-07-06 04:00:58,254 INFO t.TestsType_Login [main] navigate to site home page
2021-07-06 04:01:04,654 INFO t.TestsType_Login [main] navigate to sign in page
2021-07-06 04:01:11,031 INFO t.TestsType_Login [main] invalid phn no filled and error msg appears
2021-07-06 04:01:12,013 INFO t.TestsType_Login [main] test ends____________________________________________________
2021-07-06 04:01:12,017 INFO t.TestsType_Login [main] Start test - testCase_loginWithPhnNoValidTest
2021-07-06 04:01:21,760 INFO t.TestsType_Login [main] navigate to site home page
2021-07-06 04:01:28,586 INFO t.TestsType_Login [main] navigate to sign in page
2021-07-06 04:01:34,969 INFO t.TestsType_Login [main] phn no filled no error msg appears
2021-07-06 04:01:35,095 INFO t.TestsType_Login [main] captcha box appears
2021-07-06 04:01:36,012 INFO t.TestsType_Login [main] test ends____________________________________________________
2021-07-06 04:01:36,145 INFO t.TestsType_SearchCityNameAndDateTest [main] Start test - testCase_SearchCityNameAndDateTest_searchtest
2021-07-06 04:01:44,846 INFO t.TestsType_SearchCityNameAndDateTest [main] navigate to home page
2021-07-06 04:02:07,631 INFO t.TestsType_SearchCityNameAndDateTest [main] filled details src,dest,date areDelhi Gurgaon 31-8-2021
2021-07-06 04:02:08,582 INFO t.TestsType_SearchCityNameAndDateTest [main] SearchCityNameAndDateTest_searchtest_Delhi Gurgaon 31-8-2021 test ends
2021-07-06 04:02:09,167 INFO t.TestsType_SearchCityNameAndDateTest [main] navigate to home page
2021-07-06 04:02:35,351 INFO t.TestsType_SearchCityNameAndDateTest [main] filled details src,dest,date areAmritsar Chandigarh 29-10-2021
2021-07-06 04:02:36,049 INFO t.TestsType_SearchCityNameAndDateTest [main] SearchCityNameAndDateTest_searchtest_Amritsar Chandigarh 29-10-2021 test ends
2021-07-06 04:02:36,346 INFO t.TestsType_SearchCityNameAndDateTest [main] navigate to home page
2021-07-06 04:03:02,495 INFO t.TestsType_SearchCityNameAndDateTest [main] filled details src,dest,date areLucknow Kanpur 13-12-2021
2021-07-06 04:03:03,152 INFO t.TestsType_SearchCityNameAndDateTest [main] SearchCityNameAndDateTest_searchtest_Lucknow Kanpur 13-12-2021 test ends
2021-07-06 04:03:04,408 INFO t.TestsType_SearchCityNameAndDateTest [main] test ends__________________________
2021-07-06 04:03:04,469 INFO t.TestsType_CancelTicket [main] Start test - testCase_cancelTicket_invalidtin_invalidemail
2021-07-06 04:03:24,088 INFO t.TestsType_CancelTicket [main] navigated to cancel ticket page and details filled and submit clicked
2021-07-06 04:03:24,172 INFO t.TestsType_CancelTicket [main] warning validated
2021-07-06 04:03:25,134 INFO t.TestsType_CancelTicket [main] test end____________________________________________________
2021-07-06 04:03:25,137 INFO t.TestsType_CancelTicket [main] Start test - testCase_cancelTicket_invalidtin_validemail
2021-07-06 04:03:49,832 INFO t.TestsType_CancelTicket [main] navigated to cancel ticket page and details filled and submit clicked
2021-07-06 04:03:49,907 INFO t.TestsType_CancelTicket [main] warning validated
2021-07-06 04:03:50,918 INFO t.TestsType_CancelTicket [main] end test____________________________________________________
2021-07-06 04:03:50,921 INFO t.TestsType_CancelTicket [main] Start test - testCase_cancelTicket_validtin_invalidemail
2021-07-06 04:04:12,447 INFO t.TestsType_CancelTicket [main] navigated to cancel ticket page and details filled and submit clicked
2021-07-06 04:04:12,523 INFO t.TestsType_CancelTicket [main] warning validated
2021-07-06 04:04:13,500 INFO t.TestsType_CancelTicket [main] test end____________________________________________________
2021-07-06 04:04:13,502 INFO t.TestsType_CancelTicket [main] Start test - testCase_cancelTicket_validtin_validemail
2021-07-06 04:04:20,249 INFO t.TestsType_CancelTicket [main] navigated to home page
2021-07-06 04:04:27,054 INFO t.TestsType_CancelTicket [main] navigated to cancel ticket page
2021-07-06 04:04:30,985 INFO t.TestsType_CancelTicket [main] details filled submit clicked
2021-07-06 04:04:31,952 INFO t.TestsType_CancelTicket [main] end test____________________________________________________
2021-07-06 04:04:32,021 INFO t.TestsType_ChangeTravelDate [main] Start test - testCase_ChangeTravelDate_invalidtin_invalidemail
2021-07-06 04:05:01,281 INFO t.TestsType_ChangeTravelDate [main] navigated to changeTravelDate page and details filled and submit clicked
2021-07-06 04:05:01,348 INFO t.TestsType_ChangeTravelDate [main] warning validated
2021-07-06 04:05:02,138 INFO t.TestsType_ChangeTravelDate [main] end test____________________________________________________
2021-07-06 04:05:02,140 INFO t.TestsType_ChangeTravelDate [main] Start test - testCase_ChangeTravelDate_invalidtin_validemail
2021-07-06 04:05:23,212 INFO t.TestsType_ChangeTravelDate [main] navigated to changeTravelDate page and details filled and submit clicked
2021-07-06 04:05:23,290 INFO t.TestsType_ChangeTravelDate [main] warning validated
2021-07-06 04:05:24,321 INFO t.TestsType_ChangeTravelDate [main] end test____________________________________________________
2021-07-06 04:05:24,323 INFO t.TestsType_ChangeTravelDate [main] Start test - testCase_ChangeTravelDate_validtin_invalidemail
2021-07-06 04:05:44,385 INFO t.TestsType_ChangeTravelDate [main] navigated to changeTravelDate page and details filled and submit clicked
2021-07-06 04:05:44,463 INFO t.TestsType_ChangeTravelDate [main] warning validated
2021-07-06 04:05:45,400 INFO t.TestsType_ChangeTravelDate [main] end test__________________________
2021-07-06 04:05:45,403 INFO t.TestsType_ChangeTravelDate [main] Start test - testCase_ChangeTravelDate_validtin_validemail
2021-07-06 04:05:52,720 INFO t.TestsType_ChangeTravelDate [main] navigated to home page
2021-07-06 04:05:59,807 INFO t.TestsType_ChangeTravelDate [main] navigated to ChangeTravelDate page
2021-07-06 04:06:03,547 INFO t.TestsType_ChangeTravelDate [main] details filled submit clicked
2021-07-06 04:06:04,548 INFO t.TestsType_ChangeTravelDate [main] end test____________________________________________________
2021-07-06 04:06:04,618 INFO t.TestsType_ShowMyTicket [main] Start test - testCase_showMyTicket_invalidtin_invalidemail
2021-07-06 04:06:22,581 INFO t.TestsType_ShowMyTicket [main] navigated to showMyTicket page and details filled and submit clicked
2021-07-06 04:06:22,884 INFO t.TestsType_ShowMyTicket [main] warning validated
2021-07-06 04:06:23,870 INFO t.TestsType_ShowMyTicket [main] end test____________________________________________________
2021-07-06 04:06:23,873 INFO t.TestsType_ShowMyTicket [main] Start test - testCase_showMyTicket_invalidtin_validemail
2021-07-06 04:06:44,293 INFO t.TestsType_ShowMyTicket [main] navigated to showMyTicket page and details filled and submit clicked
2021-07-06 04:06:44,708 INFO t.TestsType_ShowMyTicket [main] warning validated
2021-07-06 04:06:45,620 INFO t.TestsType_ShowMyTicket [main] end test____________________________________________________
2021-07-06 04:06:45,625 INFO t.TestsType_ShowMyTicket [main] Start test - testCase_showMyTicket_validtin_invalidemail
2021-07-06 04:07:03,557 INFO t.TestsType_ShowMyTicket [main] navigated to showMyTicket page and details filled and submit clicked
2021-07-06 04:07:03,811 INFO t.TestsType_ShowMyTicket [main] warning validated
2021-07-06 04:07:04,733 INFO t.TestsType_ShowMyTicket [main] end test____________________________________________________
2021-07-06 04:07:04,735 INFO t.TestsType_ShowMyTicket [main] Start test - testCase_showMyTicket_validtin_validemail
2021-07-06 04:07:12,489 INFO t.TestsType_ShowMyTicket [main] navigated to home page
2021-07-06 04:07:19,473 INFO t.TestsType_ShowMyTicket [main] navigated to show my ticket page
2021-07-06 04:07:23,978 INFO t.TestsType_ShowMyTicket [main] details filled and submit clicked
2021-07-06 04:07:24,867 INFO t.TestsType_ShowMyTicket [main] end test____________________________________________________
2021-07-06 04:07:24,933 INFO t.TestsType_EmailSmsTicket [main] Start test - testCase_emailSmsTicket_invalidtin_invalidemail
2021-07-06 04:07:53,594 INFO t.TestsType_EmailSmsTicket [main] navigated to emailSmsTicket page and details filled and submit clicked
2021-07-06 04:07:53,679 INFO t.TestsType_EmailSmsTicket [main] warning validated
2021-07-06 04:07:54,627 INFO t.TestsType_EmailSmsTicket [main] end test____________________________________________________
2021-07-06 04:07:54,628 INFO t.TestsType_EmailSmsTicket [main] Start test - testCase_emailSmsTicket_invalidtin_validemail
2021-07-06 04:08:14,424 INFO t.TestsType_EmailSmsTicket [main] navigated to emailSmsTicket page and details filled and submit clicked
2021-07-06 04:08:14,659 INFO t.TestsType_EmailSmsTicket [main] warning validated
2021-07-06 04:08:15,553 INFO t.TestsType_EmailSmsTicket [main] end test____________________________________________________
2021-07-06 04:08:15,556 INFO t.TestsType_EmailSmsTicket [main] Start test - testCase_emailSmsTicket_validtin_invalidemail
2021-07-06 04:08:34,712 INFO t.TestsType_EmailSmsTicket [main] navigated to emailSmsTicket page and details filled and submit clicked
2021-07-06 04:08:34,869 INFO t.TestsType_EmailSmsTicket [main] warning validated
2021-07-06 04:08:35,803 INFO t.TestsType_EmailSmsTicket [main] end test____________________________________________________
2021-07-06 04:08:35,806 INFO t.TestsType_EmailSmsTicket [main] Start test - testCase_emailSmsTicket_validtin_validemail
2021-07-06 04:08:55,074 INFO t.TestsType_EmailSmsTicket [main] navigated to home page
2021-07-06 04:08:58,955 INFO t.TestsType_EmailSmsTicket [main] navigated to EmailSmsTicket page
2021-07-06 04:09:03,459 INFO t.TestsType_EmailSmsTicket [main] details filled submit clicked
2021-07-06 04:09:04,294 INFO t.TestsType_EmailSmsTicket [main] end test____________________________________________________
2021-07-06 04:09:04,298 INFO t.TestsType_Help [main] Start test - testCase_helpTypeNavigationTest
2021-07-06 04:10:03,122 INFO t.TestsType_Help [main] browser login and then site login
2021-07-06 04:10:06,139 INFO t.TestsType_Help [main] navigated to home page
2021-07-06 04:10:09,244 INFO t.TestsType_Help [main] navigated to help page
2021-07-06 04:10:14,974 INFO t.TestsType_Help [main] popups handled
2021-07-06 04:10:16,393 INFO t.TestsType_Help [main] navigated to newBusBookingHelp
2021-07-06 04:10:25,901 INFO t.TestsType_Help [main] navigated to covid19traveladvisory
2021-07-06 04:10:32,398 INFO t.TestsType_Help [main] navigated to safetyPlusFeatureHelp
2021-07-06 04:10:38,896 INFO t.TestsType_Help [main] navigated to technicalIssuesHelp
2021-07-06 04:10:45,433 INFO t.TestsType_Help [main] navigated to redbusReferralHelp
2021-07-06 04:10:51,910 INFO t.TestsType_Help [main] navigated to offersHelp
2021-07-06 04:10:58,419 INFO t.TestsType_Help [main] navigated to redBusWalletHelp
2021-07-06 04:11:04,942 INFO t.TestsType_Help [main] navigated to rpoolHelp
2021-07-06 04:11:06,127 INFO t.TestsType_Help [main] test end____________________________________________________
2021-07-06 04:11:06,129 INFO t.TestsType_Help [main] Start test - testCase_help_viewAllChatsNavigationTest
2021-07-06 04:12:05,364 INFO t.TestsType_Help [main] browser login and then site login
2021-07-06 04:12:05,379 INFO t.TestsType_Help [main] navigated to home page
2021-07-06 04:12:09,130 INFO t.TestsType_Help [main] navigated to help page
2021-07-06 04:12:12,493 INFO t.TestsType_Help [main] popups handled
2021-07-06 04:12:14,289 INFO t.TestsType_Help [main] popups handled
2021-07-06 04:12:15,519 INFO t.TestsType_Help [main] navigated to chats page
2021-07-06 04:12:22,058 INFO t.TestsType_Help [main] view last chat
2021-07-06 04:12:28,332 INFO t.TestsType_Help [main] view previous chat
2021-07-06 04:12:29,312 INFO t.TestsType_Help [main] test end____________________________________________________
2021-07-06 04:12:29,316 INFO t.TestsType_BusHire [main] Start test - testCase_busHireOptionsNavigationTest
2021-07-06 04:12:50,821 INFO t.TestsType_BusHire [main] navigate to home page
2021-07-06 04:12:57,432 INFO t.TestsType_BusHire [main] navigate to bus hire page
2021-07-06 04:13:04,111 INFO t.TestsType_BusHire [main] navigate to outstation page
2021-07-06 04:13:10,864 INFO t.TestsType_BusHire [main] navigate to local page
2021-07-06 04:13:20,741 INFO t.TestsType_BusHire [main] navigate to airport page
2021-07-06 04:13:24,705 INFO t.TestsType_BusHire [main] test ends____________________________________________________
2021-07-06 04:13:24,708 INFO t.TestsType_BusHire [main] Start test - testCase_employeeTransportTest_Invalid_BlankFields
2021-07-06 04:13:34,073 INFO t.TestsType_BusHire [main] navigate to home page
2021-07-06 04:13:39,734 INFO t.TestsType_BusHire [main] navigate to bus hire page
2021-07-06 04:13:49,338 INFO t.TestsType_BusHire [main] navigate to rcommute page
2021-07-06 04:13:52,770 INFO t.TestsType_BusHire [main] submit clicked without filling fields
2021-07-06 04:13:59,278 INFO t.TestsType_BusHire [main] error appears
2021-07-06 04:14:00,224 INFO t.TestsType_BusHire [main] test ends____________________________________________________
2021-07-06 04:14:00,226 INFO t.TestsType_BusHire [main] Start test - testCase_employeeTransportTest_invalidEmailAndPhn
2021-07-06 04:14:12,054 INFO t.TestsType_BusHire [main] navigate to home page
2021-07-06 04:14:17,757 INFO t.TestsType_BusHire [main] navigate to bus hire page
2021-07-06 04:14:27,338 INFO t.TestsType_BusHire [main] navigate to rcommute page
2021-07-06 04:14:31,461 INFO t.TestsType_BusHire [main] fields filled with invalid credential format
2021-07-06 04:14:31,640 INFO t.TestsType_BusHire [main] submit clicked
2021-07-06 04:14:37,824 INFO t.TestsType_BusHire [main] error appears
2021-07-06 04:14:38,749 INFO t.TestsType_BusHire [main] test ends____________________________________________________
